<?xml version="1.0" encoding="UTF-8"?>
<!-- Generated by org.testng.reporters.JUnitXMLReporter -->
<testsuite ignored="0" hostname="AshwiniK1133" failures="1" tests="4" name="ChromeTest" time="45.72" errors="0" timestamp="2022-02-28T12:37:58 IST">
  <testcase classname="com.mystore.testcases.IndexPageTest" name="verifyLogo" time="0.295"/>
  <testcase classname="com.mystore.testcases.IndexPageTest" name="verifyLogo" time="0.149"/>
  <testcase classname="com.mystore.testcases.IndexPageTest" name="verifyTitle" time="0.01">
    <failure type="java.lang.AssertionError" message="expected [My Store] but found [508 Resource Limit Is Reached]">
      <![CDATA[java.lang.AssertionError: expected [My Store] but found [508 Resource Limit Is Reached]
at com.mystore.testcases.IndexPageTest.verifyTitle(IndexPageTest.java:48)
at java.base/java.util.ArrayList.forEach(ArrayList.java:1511)
at java.base/java.util.concurrent.FutureTask.run(FutureTask.java:264)
at java.base/java.util.concurrent.ThreadPoolExecutor.runWorker(ThreadPoolExecutor.java:1136)
at java.base/java.util.concurrent.ThreadPoolExecutor$Worker.run(ThreadPoolExecutor.java:635)
at java.base/java.lang.Thread.run(Thread.java:833)
... Removed 23 stack frames]]>
    </failure>
  </testcase> <!-- verifyTitle -->
  <testcase classname="com.mystore.testcases.IndexPageTest" name="verifyTitle" time="0.051"/>
</testsuite> <!-- ChromeTest -->
