<?xml version="1.0" encoding="UTF-8"?>
<!-- Generated by org.testng.reporters.JUnitXMLReporter -->
<testsuite ignored="8" hostname="AshwiniK1133" failures="0" tests="1" name="Sanity" time="55.028" errors="0" timestamp="2022-02-28T15:01:14 IST">
  <testcase classname="com.mystore.testcases.LoginPageTest" name="loginTest" time="23.91"/>
  <testcase classname="com.mystore.testcases.HomePageTest" name="wishListTest" time="0.0">
    <ignored/>
  </testcase> <!-- wishListTest -->
  <testcase classname="com.mystore.base.BaseClass" name="@AfterSuite afterSuite" time="0.0">
    <ignored/>
  </testcase> <!-- @AfterSuite afterSuite -->
  <testcase classname="com.mystore.base.BaseClass" name="@AfterSuite afterSuite" time="0.0">
    <ignored/>
  </testcase> <!-- @AfterSuite afterSuite -->
  <testcase classname="com.mystore.base.BaseClass" name="@BeforeSuite loadConfig1" time="0.0">
    <ignored/>
  </testcase> <!-- @BeforeSuite loadConfig1 -->
  <testcase classname="com.mystore.base.BaseClass" name="@BeforeSuite loadConfig1" time="0.0">
    <ignored/>
  </testcase> <!-- @BeforeSuite loadConfig1 -->
  <testcase classname="com.mystore.testcases.IndexPageTest" name="verifyLogo" time="0.0">
    <ignored/>
  </testcase> <!-- verifyLogo -->
  <testcase classname="com.mystore.testcases.IndexPageTest" name="verifyTitle" time="0.0">
    <ignored/>
  </testcase> <!-- verifyTitle -->
  <testcase classname="com.mystore.testcases.HomePageTest" name="orderHistoryandDetailsTest" time="0.0">
    <ignored/>
  </testcase> <!-- orderHistoryandDetailsTest -->
</testsuite> <!-- Sanity -->
