<?xml version="1.0" encoding="UTF-8"?>
<!-- Generated by org.testng.reporters.JUnitXMLReporter -->
<testsuite ignored="4" hostname="AshwiniK1133" failures="1" tests="4" name="Test_All" time="97.983" errors="0" timestamp="2022-02-28T15:11:16 IST">
  <testcase classname="com.mystore.testcases.LoginPageTest" name="loginTest" time="16.402"/>
  <testcase classname="com.mystore.testcases.SearchResultsPageTest" name="productAvailabilityTest" time="8.397">
    <failure type="java.lang.AssertionError" message="expected [true] but found [false]">
      <![CDATA[java.lang.AssertionError: expected [true] but found [false]
at com.mystore.testcases.SearchResultsPageTest.productAvailabilityTest(SearchResultsPageTest.java:36)
at java.base/java.util.ArrayList.forEach(ArrayList.java:1511)
... Removed 31 stack frames]]>
    </failure>
  </testcase> <!-- productAvailabilityTest -->
  <testcase classname="com.mystore.testcases.IndexPageTest" name="verifyLogo" time="0.117"/>
  <testcase classname="com.mystore.testcases.IndexPageTest" name="verifyTitle" time="0.012"/>
  <testcase classname="com.mystore.base.BaseClass" name="@AfterSuite afterSuite" time="0.0">
    <ignored/>
  </testcase> <!-- @AfterSuite afterSuite -->
  <testcase classname="com.mystore.base.BaseClass" name="@AfterSuite afterSuite" time="0.0">
    <ignored/>
  </testcase> <!-- @AfterSuite afterSuite -->
  <testcase classname="com.mystore.base.BaseClass" name="@BeforeSuite loadConfig1" time="0.0">
    <ignored/>
  </testcase> <!-- @BeforeSuite loadConfig1 -->
  <testcase classname="com.mystore.base.BaseClass" name="@BeforeSuite loadConfig1" time="0.0">
    <ignored/>
  </testcase> <!-- @BeforeSuite loadConfig1 -->
</testsuite> <!-- Test_All -->
